CRITICAL - 2024-05-10 17:52:20 --> BadMethodCallException: Call to undefined method App\Models\NoticiasModel::assArray
[Method: GET, Route: noticias/7]
in SYSTEMPATH\Model.php on line 921.
 1 APPPATH\Models\NoticiasModel.php(17): CodeIgniter\Model->__call('assArray', [])
 2 APPPATH\Controllers\Noticias.php(22): App\Models\NoticiasModel->getNoticias('7')
 3 SYSTEMPATH\CodeIgniter.php(933): App\Controllers\Noticias->item('7')
 4 SYSTEMPATH\CodeIgniter.php(509): CodeIgniter\CodeIgniter->runController(Object(App\Controllers\Noticias))
 5 SYSTEMPATH\CodeIgniter.php(355): CodeIgniter\CodeIgniter->handleRequest(null, Object(Config\Cache), false)
 6 SYSTEMPATH\Boot.php(312): CodeIgniter\CodeIgniter->run()
 7 SYSTEMPATH\Boot.php(67): CodeIgniter\Boot::runCodeIgniter(Object(CodeIgniter\CodeIgniter))
 8 FCPATH\index.php(56): CodeIgniter\Boot::bootWeb(Object(Config\Paths))
 9 SYSTEMPATH\Commands\Server\rewrite.php(49): require_once('C:\\wamp64\\www\\cursocodeigniter4\\public\\index.php')
CRITICAL - 2024-05-10 18:43:32 --> ErrorException: Cannot declare class App\Database\Migrations\Noticias, because the name is already in use
[Method: CLI, Route: migrate:refresh]
in APPPATH\Database\Migrations\2024-05-05-224914_Noticias.php on line 7.
 1 [internal function]: CodeIgniter\Debug\Exceptions->shutdownHandler()
CRITICAL - 2024-05-10 18:43:49 --> ErrorException: Cannot declare class App\Database\Migrations\Noticias, because the name is already in use
[Method: CLI, Route: migrate:refresh/noticias]
in APPPATH\Database\Migrations\2024-05-08-192244_Noticias.php on line 7.
 1 [internal function]: CodeIgniter\Debug\Exceptions->shutdownHandler()
