CRITICAL - 2024-05-08 17:59:08 --> ErrorException: Attempt to read property "5" on string
[Method: GET, Route: noticias/5]
in APPPATH\Models\NoticiasModel.php on line 17.
 1 APPPATH\Models\NoticiasModel.php(17): CodeIgniter\Debug\Exceptions->errorHandler(2, 'Attempt to read property "5" on string', 'C:\\wamp64\\www\\cursocodeigniter4\\app\\Models\\NoticiasModel.php', 17)
 2 APPPATH\Controllers\Noticias.php(22): App\Models\NoticiasModel->getNoticias('5')
 3 SYSTEMPATH\CodeIgniter.php(933): App\Controllers\Noticias->item('5')
 4 SYSTEMPATH\CodeIgniter.php(509): CodeIgniter\CodeIgniter->runController(Object(App\Controllers\Noticias))
 5 SYSTEMPATH\CodeIgniter.php(355): CodeIgniter\CodeIgniter->handleRequest(null, Object(Config\Cache), false)
 6 SYSTEMPATH\Boot.php(312): CodeIgniter\CodeIgniter->run()
 7 SYSTEMPATH\Boot.php(67): CodeIgniter\Boot::runCodeIgniter(Object(CodeIgniter\CodeIgniter))
 8 FCPATH\index.php(56): CodeIgniter\Boot::bootWeb(Object(Config\Paths))
 9 SYSTEMPATH\Commands\Server\rewrite.php(49): require_once('C:\\wamp64\\www\\cursocodeigniter4\\public\\index.php')
CRITICAL - 2024-05-08 18:10:24 --> ParseError: syntax error, unexpected token "->"
[Method: GET, Route: noticias/5]
in APPPATH\Models\NoticiasModel.php on line 18.
 1 SYSTEMPATH\Autoloader\Autoloader.php(296): CodeIgniter\Autoloader\Autoloader->includeFile('C:\\wamp64\\www\\cursocodeigniter4\\app\\Models\\NoticiasModel.php')
 2 SYSTEMPATH\Autoloader\Autoloader.php(272): CodeIgniter\Autoloader\Autoloader->loadInNamespace('App\\Models\\NoticiasModel')
 3 APPPATH\Controllers\Noticias.php(21): CodeIgniter\Autoloader\Autoloader->loadClass('App\\Models\\NoticiasModel')
 4 SYSTEMPATH\CodeIgniter.php(933): App\Controllers\Noticias->item('5')
 5 SYSTEMPATH\CodeIgniter.php(509): CodeIgniter\CodeIgniter->runController(Object(App\Controllers\Noticias))
 6 SYSTEMPATH\CodeIgniter.php(355): CodeIgniter\CodeIgniter->handleRequest(null, Object(Config\Cache), false)
 7 SYSTEMPATH\Boot.php(312): CodeIgniter\CodeIgniter->run()
 8 SYSTEMPATH\Boot.php(67): CodeIgniter\Boot::runCodeIgniter(Object(CodeIgniter\CodeIgniter))
 9 FCPATH\index.php(56): CodeIgniter\Boot::bootWeb(Object(Config\Paths))
10 SYSTEMPATH\Commands\Server\rewrite.php(49): require_once('C:\\wamp64\\www\\cursocodeigniter4\\public\\index.php')
CRITICAL - 2024-05-08 18:10:27 --> ParseError: syntax error, unexpected token "->"
[Method: GET, Route: noticias]
in APPPATH\Models\NoticiasModel.php on line 18.
 1 SYSTEMPATH\Autoloader\Autoloader.php(296): CodeIgniter\Autoloader\Autoloader->includeFile('C:\\wamp64\\www\\cursocodeigniter4\\app\\Models\\NoticiasModel.php')
 2 SYSTEMPATH\Autoloader\Autoloader.php(272): CodeIgniter\Autoloader\Autoloader->loadInNamespace('App\\Models\\NoticiasModel')
 3 APPPATH\Controllers\Noticias.php(9): CodeIgniter\Autoloader\Autoloader->loadClass('App\\Models\\NoticiasModel')
 4 SYSTEMPATH\CodeIgniter.php(933): App\Controllers\Noticias->index()
 5 SYSTEMPATH\CodeIgniter.php(509): CodeIgniter\CodeIgniter->runController(Object(App\Controllers\Noticias))
 6 SYSTEMPATH\CodeIgniter.php(355): CodeIgniter\CodeIgniter->handleRequest(null, Object(Config\Cache), false)
 7 SYSTEMPATH\Boot.php(312): CodeIgniter\CodeIgniter->run()
 8 SYSTEMPATH\Boot.php(67): CodeIgniter\Boot::runCodeIgniter(Object(CodeIgniter\CodeIgniter))
 9 FCPATH\index.php(56): CodeIgniter\Boot::bootWeb(Object(Config\Paths))
10 SYSTEMPATH\Commands\Server\rewrite.php(49): require_once('C:\\wamp64\\www\\cursocodeigniter4\\public\\index.php')
CRITICAL - 2024-05-08 18:10:50 --> ErrorException: Undefined variable $noticias
[Method: GET, Route: noticia]
in APPPATH\Views\pages\noticia.php on line 4.
 1 APPPATH\Views\pages\noticia.php(4): CodeIgniter\Debug\Exceptions->errorHandler(2, 'Undefined variable $noticias', 'C:\\wamp64\\www\\cursocodeigniter4\\app\\Views\\pages\\noticia.php', 4)
 2 SYSTEMPATH\View\View.php(234): include('C:\\wamp64\\www\\cursocodeigniter4\\app\\Views\\pages\\noticia.php')
 3 SYSTEMPATH\View\View.php(237): CodeIgniter\View\View->CodeIgniter\View\{closure}()
 4 SYSTEMPATH\Common.php(1171): CodeIgniter\View\View->render('pages/noticia', [], true)
 5 APPPATH\Controllers\Pages.php(17): view('pages/noticia')
 6 SYSTEMPATH\CodeIgniter.php(933): App\Controllers\Pages->mostrar('noticia')
 7 SYSTEMPATH\CodeIgniter.php(509): CodeIgniter\CodeIgniter->runController(Object(App\Controllers\Pages))
 8 SYSTEMPATH\CodeIgniter.php(355): CodeIgniter\CodeIgniter->handleRequest(null, Object(Config\Cache), false)
 9 SYSTEMPATH\Boot.php(312): CodeIgniter\CodeIgniter->run()
10 SYSTEMPATH\Boot.php(67): CodeIgniter\Boot::runCodeIgniter(Object(CodeIgniter\CodeIgniter))
11 FCPATH\index.php(56): CodeIgniter\Boot::bootWeb(Object(Config\Paths))
12 SYSTEMPATH\Commands\Server\rewrite.php(49): require_once('C:\\wamp64\\www\\cursocodeigniter4\\public\\index.php')
CRITICAL - 2024-05-08 18:10:55 --> ParseError: syntax error, unexpected token "->"
[Method: GET, Route: noticias]
in APPPATH\Models\NoticiasModel.php on line 18.
 1 SYSTEMPATH\Autoloader\Autoloader.php(296): CodeIgniter\Autoloader\Autoloader->includeFile('C:\\wamp64\\www\\cursocodeigniter4\\app\\Models\\NoticiasModel.php')
 2 SYSTEMPATH\Autoloader\Autoloader.php(272): CodeIgniter\Autoloader\Autoloader->loadInNamespace('App\\Models\\NoticiasModel')
 3 APPPATH\Controllers\Noticias.php(9): CodeIgniter\Autoloader\Autoloader->loadClass('App\\Models\\NoticiasModel')
 4 SYSTEMPATH\CodeIgniter.php(933): App\Controllers\Noticias->index()
 5 SYSTEMPATH\CodeIgniter.php(509): CodeIgniter\CodeIgniter->runController(Object(App\Controllers\Noticias))
 6 SYSTEMPATH\CodeIgniter.php(355): CodeIgniter\CodeIgniter->handleRequest(null, Object(Config\Cache), false)
 7 SYSTEMPATH\Boot.php(312): CodeIgniter\CodeIgniter->run()
 8 SYSTEMPATH\Boot.php(67): CodeIgniter\Boot::runCodeIgniter(Object(CodeIgniter\CodeIgniter))
 9 FCPATH\index.php(56): CodeIgniter\Boot::bootWeb(Object(Config\Paths))
10 SYSTEMPATH\Commands\Server\rewrite.php(49): require_once('C:\\wamp64\\www\\cursocodeigniter4\\public\\index.php')
CRITICAL - 2024-05-08 18:10:55 --> ParseError: syntax error, unexpected token "->"
[Method: GET, Route: noticias]
in APPPATH\Models\NoticiasModel.php on line 18.
 1 SYSTEMPATH\Autoloader\Autoloader.php(296): CodeIgniter\Autoloader\Autoloader->includeFile('C:\\wamp64\\www\\cursocodeigniter4\\app\\Models\\NoticiasModel.php')
 2 SYSTEMPATH\Autoloader\Autoloader.php(272): CodeIgniter\Autoloader\Autoloader->loadInNamespace('App\\Models\\NoticiasModel')
 3 APPPATH\Controllers\Noticias.php(9): CodeIgniter\Autoloader\Autoloader->loadClass('App\\Models\\NoticiasModel')
 4 SYSTEMPATH\CodeIgniter.php(933): App\Controllers\Noticias->index()
 5 SYSTEMPATH\CodeIgniter.php(509): CodeIgniter\CodeIgniter->runController(Object(App\Controllers\Noticias))
 6 SYSTEMPATH\CodeIgniter.php(355): CodeIgniter\CodeIgniter->handleRequest(null, Object(Config\Cache), false)
 7 SYSTEMPATH\Boot.php(312): CodeIgniter\CodeIgniter->run()
 8 SYSTEMPATH\Boot.php(67): CodeIgniter\Boot::runCodeIgniter(Object(CodeIgniter\CodeIgniter))
 9 FCPATH\index.php(56): CodeIgniter\Boot::bootWeb(Object(Config\Paths))
10 SYSTEMPATH\Commands\Server\rewrite.php(49): require_once('C:\\wamp64\\www\\cursocodeigniter4\\public\\index.php')
CRITICAL - 2024-05-08 18:11:46 --> ErrorException: Attempt to read property "5" on string
[Method: GET, Route: noticias/5]
in APPPATH\Models\NoticiasModel.php on line 17.
 1 APPPATH\Models\NoticiasModel.php(17): CodeIgniter\Debug\Exceptions->errorHandler(2, 'Attempt to read property "5" on string', 'C:\\wamp64\\www\\cursocodeigniter4\\app\\Models\\NoticiasModel.php', 17)
 2 APPPATH\Controllers\Noticias.php(22): App\Models\NoticiasModel->getNoticias('5')
 3 SYSTEMPATH\CodeIgniter.php(933): App\Controllers\Noticias->item('5')
 4 SYSTEMPATH\CodeIgniter.php(509): CodeIgniter\CodeIgniter->runController(Object(App\Controllers\Noticias))
 5 SYSTEMPATH\CodeIgniter.php(355): CodeIgniter\CodeIgniter->handleRequest(null, Object(Config\Cache), false)
 6 SYSTEMPATH\Boot.php(312): CodeIgniter\CodeIgniter->run()
 7 SYSTEMPATH\Boot.php(67): CodeIgniter\Boot::runCodeIgniter(Object(CodeIgniter\CodeIgniter))
 8 FCPATH\index.php(56): CodeIgniter\Boot::bootWeb(Object(Config\Paths))
 9 SYSTEMPATH\Commands\Server\rewrite.php(49): require_once('C:\\wamp64\\www\\cursocodeigniter4\\public\\index.php')
CRITICAL - 2024-05-08 18:12:19 --> ErrorException: Attempt to read property "5" on string
[Method: GET, Route: noticias/5]
in APPPATH\Models\NoticiasModel.php on line 17.
 1 APPPATH\Models\NoticiasModel.php(17): CodeIgniter\Debug\Exceptions->errorHandler(2, 'Attempt to read property "5" on string', 'C:\\wamp64\\www\\cursocodeigniter4\\app\\Models\\NoticiasModel.php', 17)
 2 APPPATH\Controllers\Noticias.php(22): App\Models\NoticiasModel->getNoticias('5')
 3 SYSTEMPATH\CodeIgniter.php(933): App\Controllers\Noticias->item('5')
 4 SYSTEMPATH\CodeIgniter.php(509): CodeIgniter\CodeIgniter->runController(Object(App\Controllers\Noticias))
 5 SYSTEMPATH\CodeIgniter.php(355): CodeIgniter\CodeIgniter->handleRequest(null, Object(Config\Cache), false)
 6 SYSTEMPATH\Boot.php(312): CodeIgniter\CodeIgniter->run()
 7 SYSTEMPATH\Boot.php(67): CodeIgniter\Boot::runCodeIgniter(Object(CodeIgniter\CodeIgniter))
 8 FCPATH\index.php(56): CodeIgniter\Boot::bootWeb(Object(Config\Paths))
 9 SYSTEMPATH\Commands\Server\rewrite.php(49): require_once('C:\\wamp64\\www\\cursocodeigniter4\\public\\index.php')
CRITICAL - 2024-05-08 18:12:24 --> ErrorException: Attempt to read property "6" on string
[Method: GET, Route: noticias/6]
in APPPATH\Models\NoticiasModel.php on line 17.
 1 APPPATH\Models\NoticiasModel.php(17): CodeIgniter\Debug\Exceptions->errorHandler(2, 'Attempt to read property "6" on string', 'C:\\wamp64\\www\\cursocodeigniter4\\app\\Models\\NoticiasModel.php', 17)
 2 APPPATH\Controllers\Noticias.php(22): App\Models\NoticiasModel->getNoticias('6')
 3 SYSTEMPATH\CodeIgniter.php(933): App\Controllers\Noticias->item('6')
 4 SYSTEMPATH\CodeIgniter.php(509): CodeIgniter\CodeIgniter->runController(Object(App\Controllers\Noticias))
 5 SYSTEMPATH\CodeIgniter.php(355): CodeIgniter\CodeIgniter->handleRequest(null, Object(Config\Cache), false)
 6 SYSTEMPATH\Boot.php(312): CodeIgniter\CodeIgniter->run()
 7 SYSTEMPATH\Boot.php(67): CodeIgniter\Boot::runCodeIgniter(Object(CodeIgniter\CodeIgniter))
 8 FCPATH\index.php(56): CodeIgniter\Boot::bootWeb(Object(Config\Paths))
 9 SYSTEMPATH\Commands\Server\rewrite.php(49): require_once('C:\\wamp64\\www\\cursocodeigniter4\\public\\index.php')
CRITICAL - 2024-05-08 18:12:28 --> ErrorException: Attempt to read property "5" on string
[Method: GET, Route: noticias/5]
in APPPATH\Models\NoticiasModel.php on line 17.
 1 APPPATH\Models\NoticiasModel.php(17): CodeIgniter\Debug\Exceptions->errorHandler(2, 'Attempt to read property "5" on string', 'C:\\wamp64\\www\\cursocodeigniter4\\app\\Models\\NoticiasModel.php', 17)
 2 APPPATH\Controllers\Noticias.php(22): App\Models\NoticiasModel->getNoticias('5')
 3 SYSTEMPATH\CodeIgniter.php(933): App\Controllers\Noticias->item('5')
 4 SYSTEMPATH\CodeIgniter.php(509): CodeIgniter\CodeIgniter->runController(Object(App\Controllers\Noticias))
 5 SYSTEMPATH\CodeIgniter.php(355): CodeIgniter\CodeIgniter->handleRequest(null, Object(Config\Cache), false)
 6 SYSTEMPATH\Boot.php(312): CodeIgniter\CodeIgniter->run()
 7 SYSTEMPATH\Boot.php(67): CodeIgniter\Boot::runCodeIgniter(Object(CodeIgniter\CodeIgniter))
 8 FCPATH\index.php(56): CodeIgniter\Boot::bootWeb(Object(Config\Paths))
 9 SYSTEMPATH\Commands\Server\rewrite.php(49): require_once('C:\\wamp64\\www\\cursocodeigniter4\\public\\index.php')
CRITICAL - 2024-05-08 18:23:20 --> ErrorException: Attempt to read property "5" on string
[Method: GET, Route: noticias/5]
in APPPATH\Models\NoticiasModel.php on line 17.
 1 APPPATH\Models\NoticiasModel.php(17): CodeIgniter\Debug\Exceptions->errorHandler(2, 'Attempt to read property "5" on string', 'C:\\wamp64\\www\\cursocodeigniter4\\app\\Models\\NoticiasModel.php', 17)
 2 APPPATH\Controllers\Noticias.php(22): App\Models\NoticiasModel->getNoticias('5')
 3 SYSTEMPATH\CodeIgniter.php(933): App\Controllers\Noticias->item('5')
 4 SYSTEMPATH\CodeIgniter.php(509): CodeIgniter\CodeIgniter->runController(Object(App\Controllers\Noticias))
 5 SYSTEMPATH\CodeIgniter.php(355): CodeIgniter\CodeIgniter->handleRequest(null, Object(Config\Cache), false)
 6 SYSTEMPATH\Boot.php(312): CodeIgniter\CodeIgniter->run()
 7 SYSTEMPATH\Boot.php(67): CodeIgniter\Boot::runCodeIgniter(Object(CodeIgniter\CodeIgniter))
 8 FCPATH\index.php(56): CodeIgniter\Boot::bootWeb(Object(Config\Paths))
 9 SYSTEMPATH\Commands\Server\rewrite.php(49): require_once('C:\\wamp64\\www\\cursocodeigniter4\\public\\index.php')
CRITICAL - 2024-05-08 18:25:38 --> ErrorException: Undefined variable $item
[Method: GET, Route: noticias/5]
in APPPATH\Controllers\Noticias.php on line 22.
 1 APPPATH\Controllers\Noticias.php(22): CodeIgniter\Debug\Exceptions->errorHandler(2, 'Undefined variable $item', 'C:\\wamp64\\www\\cursocodeigniter4\\app\\Controllers\\Noticias.php', 22)
 2 SYSTEMPATH\CodeIgniter.php(933): App\Controllers\Noticias->item('5')
 3 SYSTEMPATH\CodeIgniter.php(509): CodeIgniter\CodeIgniter->runController(Object(App\Controllers\Noticias))
 4 SYSTEMPATH\CodeIgniter.php(355): CodeIgniter\CodeIgniter->handleRequest(null, Object(Config\Cache), false)
 5 SYSTEMPATH\Boot.php(312): CodeIgniter\CodeIgniter->run()
 6 SYSTEMPATH\Boot.php(67): CodeIgniter\Boot::runCodeIgniter(Object(CodeIgniter\CodeIgniter))
 7 FCPATH\index.php(56): CodeIgniter\Boot::bootWeb(Object(Config\Paths))
 8 SYSTEMPATH\Commands\Server\rewrite.php(49): require_once('C:\\wamp64\\www\\cursocodeigniter4\\public\\index.php')
CRITICAL - 2024-05-08 18:26:44 --> ErrorException: Attempt to read property "5" on string
[Method: GET, Route: noticias/5]
in APPPATH\Models\NoticiasModel.php on line 17.
 1 APPPATH\Models\NoticiasModel.php(17): CodeIgniter\Debug\Exceptions->errorHandler(2, 'Attempt to read property "5" on string', 'C:\\wamp64\\www\\cursocodeigniter4\\app\\Models\\NoticiasModel.php', 17)
 2 APPPATH\Controllers\Noticias.php(22): App\Models\NoticiasModel->getNoticias('5')
 3 SYSTEMPATH\CodeIgniter.php(933): App\Controllers\Noticias->item('5')
 4 SYSTEMPATH\CodeIgniter.php(509): CodeIgniter\CodeIgniter->runController(Object(App\Controllers\Noticias))
 5 SYSTEMPATH\CodeIgniter.php(355): CodeIgniter\CodeIgniter->handleRequest(null, Object(Config\Cache), false)
 6 SYSTEMPATH\Boot.php(312): CodeIgniter\CodeIgniter->run()
 7 SYSTEMPATH\Boot.php(67): CodeIgniter\Boot::runCodeIgniter(Object(CodeIgniter\CodeIgniter))
 8 FCPATH\index.php(56): CodeIgniter\Boot::bootWeb(Object(Config\Paths))
 9 SYSTEMPATH\Commands\Server\rewrite.php(49): require_once('C:\\wamp64\\www\\cursocodeigniter4\\public\\index.php')
CRITICAL - 2024-05-08 18:32:56 --> ErrorException: Attempt to read property "1" on string
[Method: GET, Route: noticias/1]
in APPPATH\Models\NoticiasModel.php on line 17.
 1 APPPATH\Models\NoticiasModel.php(17): CodeIgniter\Debug\Exceptions->errorHandler(2, 'Attempt to read property "1" on string', 'C:\\wamp64\\www\\cursocodeigniter4\\app\\Models\\NoticiasModel.php', 17)
 2 APPPATH\Controllers\Noticias.php(22): App\Models\NoticiasModel->getNoticias('1')
 3 SYSTEMPATH\CodeIgniter.php(933): App\Controllers\Noticias->item('1')
 4 SYSTEMPATH\CodeIgniter.php(509): CodeIgniter\CodeIgniter->runController(Object(App\Controllers\Noticias))
 5 SYSTEMPATH\CodeIgniter.php(355): CodeIgniter\CodeIgniter->handleRequest(null, Object(Config\Cache), false)
 6 SYSTEMPATH\Boot.php(312): CodeIgniter\CodeIgniter->run()
 7 SYSTEMPATH\Boot.php(67): CodeIgniter\Boot::runCodeIgniter(Object(CodeIgniter\CodeIgniter))
 8 FCPATH\index.php(56): CodeIgniter\Boot::bootWeb(Object(Config\Paths))
 9 SYSTEMPATH\Commands\Server\rewrite.php(49): require_once('C:\\wamp64\\www\\cursocodeigniter4\\public\\index.php')
CRITICAL - 2024-05-08 18:33:33 --> ErrorException: Attempt to read property "5" on string
[Method: GET, Route: noticias/5]
in APPPATH\Models\NoticiasModel.php on line 17.
 1 APPPATH\Models\NoticiasModel.php(17): CodeIgniter\Debug\Exceptions->errorHandler(2, 'Attempt to read property "5" on string', 'C:\\wamp64\\www\\cursocodeigniter4\\app\\Models\\NoticiasModel.php', 17)
 2 APPPATH\Controllers\Noticias.php(22): App\Models\NoticiasModel->getNoticias('5')
 3 SYSTEMPATH\CodeIgniter.php(933): App\Controllers\Noticias->item('5')
 4 SYSTEMPATH\CodeIgniter.php(509): CodeIgniter\CodeIgniter->runController(Object(App\Controllers\Noticias))
 5 SYSTEMPATH\CodeIgniter.php(355): CodeIgniter\CodeIgniter->handleRequest(null, Object(Config\Cache), false)
 6 SYSTEMPATH\Boot.php(312): CodeIgniter\CodeIgniter->run()
 7 SYSTEMPATH\Boot.php(67): CodeIgniter\Boot::runCodeIgniter(Object(CodeIgniter\CodeIgniter))
 8 FCPATH\index.php(56): CodeIgniter\Boot::bootWeb(Object(Config\Paths))
 9 SYSTEMPATH\Commands\Server\rewrite.php(49): require_once('C:\\wamp64\\www\\cursocodeigniter4\\public\\index.php')
CRITICAL - 2024-05-08 18:33:35 --> ErrorException: Attempt to read property "5" on string
[Method: GET, Route: noticias/5]
in APPPATH\Models\NoticiasModel.php on line 17.
 1 APPPATH\Models\NoticiasModel.php(17): CodeIgniter\Debug\Exceptions->errorHandler(2, 'Attempt to read property "5" on string', 'C:\\wamp64\\www\\cursocodeigniter4\\app\\Models\\NoticiasModel.php', 17)
 2 APPPATH\Controllers\Noticias.php(22): App\Models\NoticiasModel->getNoticias('5')
 3 SYSTEMPATH\CodeIgniter.php(933): App\Controllers\Noticias->item('5')
 4 SYSTEMPATH\CodeIgniter.php(509): CodeIgniter\CodeIgniter->runController(Object(App\Controllers\Noticias))
 5 SYSTEMPATH\CodeIgniter.php(355): CodeIgniter\CodeIgniter->handleRequest(null, Object(Config\Cache), false)
 6 SYSTEMPATH\Boot.php(312): CodeIgniter\CodeIgniter->run()
 7 SYSTEMPATH\Boot.php(67): CodeIgniter\Boot::runCodeIgniter(Object(CodeIgniter\CodeIgniter))
 8 FCPATH\index.php(56): CodeIgniter\Boot::bootWeb(Object(Config\Paths))
 9 SYSTEMPATH\Commands\Server\rewrite.php(49): require_once('C:\\wamp64\\www\\cursocodeigniter4\\public\\index.php')
CRITICAL - 2024-05-08 18:33:41 --> ErrorException: Attempt to read property "5" on string
[Method: GET, Route: noticias/5]
in APPPATH\Models\NoticiasModel.php on line 17.
 1 APPPATH\Models\NoticiasModel.php(17): CodeIgniter\Debug\Exceptions->errorHandler(2, 'Attempt to read property "5" on string', 'C:\\wamp64\\www\\cursocodeigniter4\\app\\Models\\NoticiasModel.php', 17)
 2 APPPATH\Controllers\Noticias.php(22): App\Models\NoticiasModel->getNoticias('5')
 3 SYSTEMPATH\CodeIgniter.php(933): App\Controllers\Noticias->item('5')
 4 SYSTEMPATH\CodeIgniter.php(509): CodeIgniter\CodeIgniter->runController(Object(App\Controllers\Noticias))
 5 SYSTEMPATH\CodeIgniter.php(355): CodeIgniter\CodeIgniter->handleRequest(null, Object(Config\Cache), false)
 6 SYSTEMPATH\Boot.php(312): CodeIgniter\CodeIgniter->run()
 7 SYSTEMPATH\Boot.php(67): CodeIgniter\Boot::runCodeIgniter(Object(CodeIgniter\CodeIgniter))
 8 FCPATH\index.php(56): CodeIgniter\Boot::bootWeb(Object(Config\Paths))
 9 SYSTEMPATH\Commands\Server\rewrite.php(49): require_once('C:\\wamp64\\www\\cursocodeigniter4\\public\\index.php')
CRITICAL - 2024-05-08 18:34:18 --> ErrorException: Attempt to read property "" on string
[Method: GET, Route: noticias/5]
in APPPATH\Models\NoticiasModel.php on line 17.
 1 APPPATH\Models\NoticiasModel.php(17): CodeIgniter\Debug\Exceptions->errorHandler(2, 'Attempt to read property "" on string', 'C:\\wamp64\\www\\cursocodeigniter4\\app\\Models\\NoticiasModel.php', 17)
 2 APPPATH\Controllers\Noticias.php(22): App\Models\NoticiasModel->getNoticias('')
 3 SYSTEMPATH\CodeIgniter.php(933): App\Controllers\Noticias->item('')
 4 SYSTEMPATH\CodeIgniter.php(509): CodeIgniter\CodeIgniter->runController(Object(App\Controllers\Noticias))
 5 SYSTEMPATH\CodeIgniter.php(355): CodeIgniter\CodeIgniter->handleRequest(null, Object(Config\Cache), false)
 6 SYSTEMPATH\Boot.php(312): CodeIgniter\CodeIgniter->run()
 7 SYSTEMPATH\Boot.php(67): CodeIgniter\Boot::runCodeIgniter(Object(CodeIgniter\CodeIgniter))
 8 FCPATH\index.php(56): CodeIgniter\Boot::bootWeb(Object(Config\Paths))
 9 SYSTEMPATH\Commands\Server\rewrite.php(49): require_once('C:\\wamp64\\www\\cursocodeigniter4\\public\\index.php')
CRITICAL - 2024-05-08 18:35:28 --> ErrorException: Attempt to read property "" on string
[Method: GET, Route: noticias/7]
in APPPATH\Models\NoticiasModel.php on line 17.
 1 APPPATH\Models\NoticiasModel.php(17): CodeIgniter\Debug\Exceptions->errorHandler(2, 'Attempt to read property "" on string', 'C:\\wamp64\\www\\cursocodeigniter4\\app\\Models\\NoticiasModel.php', 17)
 2 APPPATH\Controllers\Noticias.php(22): App\Models\NoticiasModel->getNoticias('')
 3 SYSTEMPATH\CodeIgniter.php(933): App\Controllers\Noticias->item('')
 4 SYSTEMPATH\CodeIgniter.php(509): CodeIgniter\CodeIgniter->runController(Object(App\Controllers\Noticias))
 5 SYSTEMPATH\CodeIgniter.php(355): CodeIgniter\CodeIgniter->handleRequest(null, Object(Config\Cache), false)
 6 SYSTEMPATH\Boot.php(312): CodeIgniter\CodeIgniter->run()
 7 SYSTEMPATH\Boot.php(67): CodeIgniter\Boot::runCodeIgniter(Object(CodeIgniter\CodeIgniter))
 8 FCPATH\index.php(56): CodeIgniter\Boot::bootWeb(Object(Config\Paths))
 9 SYSTEMPATH\Commands\Server\rewrite.php(49): require_once('C:\\wamp64\\www\\cursocodeigniter4\\public\\index.php')
CRITICAL - 2024-05-08 18:36:12 --> ErrorException: Attempt to read property "7" on string
[Method: GET, Route: noticias/7]
in APPPATH\Models\NoticiasModel.php on line 17.
 1 APPPATH\Models\NoticiasModel.php(17): CodeIgniter\Debug\Exceptions->errorHandler(2, 'Attempt to read property "7" on string', 'C:\\wamp64\\www\\cursocodeigniter4\\app\\Models\\NoticiasModel.php', 17)
 2 APPPATH\Controllers\Noticias.php(22): App\Models\NoticiasModel->getNoticias('7')
 3 SYSTEMPATH\CodeIgniter.php(933): App\Controllers\Noticias->item('7')
 4 SYSTEMPATH\CodeIgniter.php(509): CodeIgniter\CodeIgniter->runController(Object(App\Controllers\Noticias))
 5 SYSTEMPATH\CodeIgniter.php(355): CodeIgniter\CodeIgniter->handleRequest(null, Object(Config\Cache), false)
 6 SYSTEMPATH\Boot.php(312): CodeIgniter\CodeIgniter->run()
 7 SYSTEMPATH\Boot.php(67): CodeIgniter\Boot::runCodeIgniter(Object(CodeIgniter\CodeIgniter))
 8 FCPATH\index.php(56): CodeIgniter\Boot::bootWeb(Object(Config\Paths))
 9 SYSTEMPATH\Commands\Server\rewrite.php(49): require_once('C:\\wamp64\\www\\cursocodeigniter4\\public\\index.php')
CRITICAL - 2024-05-08 18:42:57 --> Error: Call to undefined method CodeIgniter\Database\MySQLi\Connection::get_where()
[Method: GET, Route: noticias/7]
in APPPATH\Models\NoticiasModel.php on line 18.
 1 APPPATH\Controllers\Noticias.php(22): App\Models\NoticiasModel->getNoticias('7')
 2 SYSTEMPATH\CodeIgniter.php(933): App\Controllers\Noticias->item('7')
 3 SYSTEMPATH\CodeIgniter.php(509): CodeIgniter\CodeIgniter->runController(Object(App\Controllers\Noticias))
 4 SYSTEMPATH\CodeIgniter.php(355): CodeIgniter\CodeIgniter->handleRequest(null, Object(Config\Cache), false)
 5 SYSTEMPATH\Boot.php(312): CodeIgniter\CodeIgniter->run()
 6 SYSTEMPATH\Boot.php(67): CodeIgniter\Boot::runCodeIgniter(Object(CodeIgniter\CodeIgniter))
 7 FCPATH\index.php(56): CodeIgniter\Boot::bootWeb(Object(Config\Paths))
 8 SYSTEMPATH\Commands\Server\rewrite.php(49): require_once('C:\\wamp64\\www\\cursocodeigniter4\\public\\index.php')
CRITICAL - 2024-05-08 18:43:04 --> Error: Call to undefined method CodeIgniter\Database\MySQLi\Connection::get_where()
[Method: GET, Route: noticias/7]
in APPPATH\Models\NoticiasModel.php on line 18.
 1 APPPATH\Controllers\Noticias.php(22): App\Models\NoticiasModel->getNoticias('7')
 2 SYSTEMPATH\CodeIgniter.php(933): App\Controllers\Noticias->item('7')
 3 SYSTEMPATH\CodeIgniter.php(509): CodeIgniter\CodeIgniter->runController(Object(App\Controllers\Noticias))
 4 SYSTEMPATH\CodeIgniter.php(355): CodeIgniter\CodeIgniter->handleRequest(null, Object(Config\Cache), false)
 5 SYSTEMPATH\Boot.php(312): CodeIgniter\CodeIgniter->run()
 6 SYSTEMPATH\Boot.php(67): CodeIgniter\Boot::runCodeIgniter(Object(CodeIgniter\CodeIgniter))
 7 FCPATH\index.php(56): CodeIgniter\Boot::bootWeb(Object(Config\Paths))
 8 SYSTEMPATH\Commands\Server\rewrite.php(49): require_once('C:\\wamp64\\www\\cursocodeigniter4\\public\\index.php')
CRITICAL - 2024-05-08 18:43:11 --> Error: Call to undefined method CodeIgniter\Database\MySQLi\Connection::get_where()
[Method: GET, Route: noticias/7]
in APPPATH\Models\NoticiasModel.php on line 18.
 1 APPPATH\Controllers\Noticias.php(22): App\Models\NoticiasModel->getNoticias('7')
 2 SYSTEMPATH\CodeIgniter.php(933): App\Controllers\Noticias->item('7')
 3 SYSTEMPATH\CodeIgniter.php(509): CodeIgniter\CodeIgniter->runController(Object(App\Controllers\Noticias))
 4 SYSTEMPATH\CodeIgniter.php(355): CodeIgniter\CodeIgniter->handleRequest(null, Object(Config\Cache), false)
 5 SYSTEMPATH\Boot.php(312): CodeIgniter\CodeIgniter->run()
 6 SYSTEMPATH\Boot.php(67): CodeIgniter\Boot::runCodeIgniter(Object(CodeIgniter\CodeIgniter))
 7 FCPATH\index.php(56): CodeIgniter\Boot::bootWeb(Object(Config\Paths))
 8 SYSTEMPATH\Commands\Server\rewrite.php(49): require_once('C:\\wamp64\\www\\cursocodeigniter4\\public\\index.php')
CRITICAL - 2024-05-08 18:44:20 --> TypeError: CodeIgniter\Database\BaseBuilder::getOperatorFromWhereKey(): Argument #1 ($whereKey) must be of type string, int given, called in C:\wamp64\www\cursocodeigniter4\system\Database\BaseBuilder.php on line 760
[Method: GET, Route: noticias/7]
in SYSTEMPATH\Database\BaseBuilder.php on line 3453.
 1 SYSTEMPATH\Database\BaseBuilder.php(760): CodeIgniter\Database\BaseBuilder->getOperatorFromWhereKey(0)
 2 SYSTEMPATH\Database\BaseBuilder.php(701): CodeIgniter\Database\BaseBuilder->whereHaving('QBWhere', [...], null, 'AND ', true)
 3 SYSTEMPATH\Model.php(919): CodeIgniter\Database\BaseBuilder->where([...])
 4 APPPATH\Models\NoticiasModel.php(17): CodeIgniter\Model->__call('where', [...])
 5 APPPATH\Controllers\Noticias.php(22): App\Models\NoticiasModel->getNoticias('7')
 6 SYSTEMPATH\CodeIgniter.php(933): App\Controllers\Noticias->item('7')
 7 SYSTEMPATH\CodeIgniter.php(509): CodeIgniter\CodeIgniter->runController(Object(App\Controllers\Noticias))
 8 SYSTEMPATH\CodeIgniter.php(355): CodeIgniter\CodeIgniter->handleRequest(null, Object(Config\Cache), false)
 9 SYSTEMPATH\Boot.php(312): CodeIgniter\CodeIgniter->run()
10 SYSTEMPATH\Boot.php(67): CodeIgniter\Boot::runCodeIgniter(Object(CodeIgniter\CodeIgniter))
11 FCPATH\index.php(56): CodeIgniter\Boot::bootWeb(Object(Config\Paths))
12 SYSTEMPATH\Commands\Server\rewrite.php(49): require_once('C:\\wamp64\\www\\cursocodeigniter4\\public\\index.php')
CRITICAL - 2024-05-08 18:47:57 --> ErrorException: Attempt to read property "7" on string
[Method: GET, Route: noticias/7]
in APPPATH\Models\NoticiasModel.php on line 17.
 1 APPPATH\Models\NoticiasModel.php(17): CodeIgniter\Debug\Exceptions->errorHandler(2, 'Attempt to read property "7" on string', 'C:\\wamp64\\www\\cursocodeigniter4\\app\\Models\\NoticiasModel.php', 17)
 2 APPPATH\Controllers\Noticias.php(22): App\Models\NoticiasModel->getNoticias('7')
 3 SYSTEMPATH\CodeIgniter.php(933): App\Controllers\Noticias->item('7')
 4 SYSTEMPATH\CodeIgniter.php(509): CodeIgniter\CodeIgniter->runController(Object(App\Controllers\Noticias))
 5 SYSTEMPATH\CodeIgniter.php(355): CodeIgniter\CodeIgniter->handleRequest(null, Object(Config\Cache), false)
 6 SYSTEMPATH\Boot.php(312): CodeIgniter\CodeIgniter->run()
 7 SYSTEMPATH\Boot.php(67): CodeIgniter\Boot::runCodeIgniter(Object(CodeIgniter\CodeIgniter))
 8 FCPATH\index.php(56): CodeIgniter\Boot::bootWeb(Object(Config\Paths))
 9 SYSTEMPATH\Commands\Server\rewrite.php(49): require_once('C:\\wamp64\\www\\cursocodeigniter4\\public\\index.php')
CRITICAL - 2024-05-08 19:27:42 --> ErrorException: Attempt to read property "7" on string
[Method: GET, Route: noticias/7]
in APPPATH\Models\NoticiasModel.php on line 17.
 1 APPPATH\Models\NoticiasModel.php(17): CodeIgniter\Debug\Exceptions->errorHandler(2, 'Attempt to read property "7" on string', 'C:\\wamp64\\www\\cursocodeigniter4\\app\\Models\\NoticiasModel.php', 17)
 2 APPPATH\Controllers\Noticias.php(22): App\Models\NoticiasModel->getNoticias('7')
 3 SYSTEMPATH\CodeIgniter.php(933): App\Controllers\Noticias->item('7')
 4 SYSTEMPATH\CodeIgniter.php(509): CodeIgniter\CodeIgniter->runController(Object(App\Controllers\Noticias))
 5 SYSTEMPATH\CodeIgniter.php(355): CodeIgniter\CodeIgniter->handleRequest(null, Object(Config\Cache), false)
 6 SYSTEMPATH\Boot.php(312): CodeIgniter\CodeIgniter->run()
 7 SYSTEMPATH\Boot.php(67): CodeIgniter\Boot::runCodeIgniter(Object(CodeIgniter\CodeIgniter))
 8 FCPATH\index.php(56): CodeIgniter\Boot::bootWeb(Object(Config\Paths))
 9 SYSTEMPATH\Commands\Server\rewrite.php(49): require_once('C:\\wamp64\\www\\cursocodeigniter4\\public\\index.php')
CRITICAL - 2024-05-08 19:29:59 --> BadMethodCallException: Call to undefined method App\Models\NoticiasModel::getNoticias
[Method: GET, Route: noticias]
in SYSTEMPATH\Model.php on line 921.
 1 APPPATH\Controllers\Noticias.php(12): CodeIgniter\Model->__call('getNoticias', [])
 2 SYSTEMPATH\CodeIgniter.php(933): App\Controllers\Noticias->index()
 3 SYSTEMPATH\CodeIgniter.php(509): CodeIgniter\CodeIgniter->runController(Object(App\Controllers\Noticias))
 4 SYSTEMPATH\CodeIgniter.php(355): CodeIgniter\CodeIgniter->handleRequest(null, Object(Config\Cache), false)
 5 SYSTEMPATH\Boot.php(312): CodeIgniter\CodeIgniter->run()
 6 SYSTEMPATH\Boot.php(67): CodeIgniter\Boot::runCodeIgniter(Object(CodeIgniter\CodeIgniter))
 7 FCPATH\index.php(56): CodeIgniter\Boot::bootWeb(Object(Config\Paths))
 8 SYSTEMPATH\Commands\Server\rewrite.php(49): require_once('C:\\wamp64\\www\\cursocodeigniter4\\public\\index.php')
CRITICAL - 2024-05-08 19:33:10 --> ErrorException: Trying to access array offset on null
[Method: GET, Route: noticias/7]
in APPPATH\Controllers\Noticias.php on line 27.
 1 APPPATH\Controllers\Noticias.php(27): CodeIgniter\Debug\Exceptions->errorHandler(2, 'Trying to access array offset on null', 'C:\\wamp64\\www\\cursocodeigniter4\\app\\Controllers\\Noticias.php', 27)
 2 SYSTEMPATH\CodeIgniter.php(933): App\Controllers\Noticias->item('7')
 3 SYSTEMPATH\CodeIgniter.php(509): CodeIgniter\CodeIgniter->runController(Object(App\Controllers\Noticias))
 4 SYSTEMPATH\CodeIgniter.php(355): CodeIgniter\CodeIgniter->handleRequest(null, Object(Config\Cache), false)
 5 SYSTEMPATH\Boot.php(312): CodeIgniter\CodeIgniter->run()
 6 SYSTEMPATH\Boot.php(67): CodeIgniter\Boot::runCodeIgniter(Object(CodeIgniter\CodeIgniter))
 7 FCPATH\index.php(56): CodeIgniter\Boot::bootWeb(Object(Config\Paths))
 8 SYSTEMPATH\Commands\Server\rewrite.php(49): require_once('C:\\wamp64\\www\\cursocodeigniter4\\public\\index.php')
CRITICAL - 2024-05-08 19:33:16 --> ErrorException: Trying to access array offset on null
[Method: GET, Route: noticias/7]
in APPPATH\Controllers\Noticias.php on line 27.
 1 APPPATH\Controllers\Noticias.php(27): CodeIgniter\Debug\Exceptions->errorHandler(2, 'Trying to access array offset on null', 'C:\\wamp64\\www\\cursocodeigniter4\\app\\Controllers\\Noticias.php', 27)
 2 SYSTEMPATH\CodeIgniter.php(933): App\Controllers\Noticias->item('7')
 3 SYSTEMPATH\CodeIgniter.php(509): CodeIgniter\CodeIgniter->runController(Object(App\Controllers\Noticias))
 4 SYSTEMPATH\CodeIgniter.php(355): CodeIgniter\CodeIgniter->handleRequest(null, Object(Config\Cache), false)
 5 SYSTEMPATH\Boot.php(312): CodeIgniter\CodeIgniter->run()
 6 SYSTEMPATH\Boot.php(67): CodeIgniter\Boot::runCodeIgniter(Object(CodeIgniter\CodeIgniter))
 7 FCPATH\index.php(56): CodeIgniter\Boot::bootWeb(Object(Config\Paths))
 8 SYSTEMPATH\Commands\Server\rewrite.php(49): require_once('C:\\wamp64\\www\\cursocodeigniter4\\public\\index.php')
CRITICAL - 2024-05-08 19:39:48 --> BadMethodCallException: Call to undefined method App\Models\NoticiasModel::getNoticia
[Method: GET, Route: noticias/7]
in SYSTEMPATH\Model.php on line 921.
 1 APPPATH\Controllers\Noticias.php(22): CodeIgniter\Model->__call('getNoticia', [...])
 2 SYSTEMPATH\CodeIgniter.php(933): App\Controllers\Noticias->item('7')
 3 SYSTEMPATH\CodeIgniter.php(509): CodeIgniter\CodeIgniter->runController(Object(App\Controllers\Noticias))
 4 SYSTEMPATH\CodeIgniter.php(355): CodeIgniter\CodeIgniter->handleRequest(null, Object(Config\Cache), false)
 5 SYSTEMPATH\Boot.php(312): CodeIgniter\CodeIgniter->run()
 6 SYSTEMPATH\Boot.php(67): CodeIgniter\Boot::runCodeIgniter(Object(CodeIgniter\CodeIgniter))
 7 FCPATH\index.php(56): CodeIgniter\Boot::bootWeb(Object(Config\Paths))
 8 SYSTEMPATH\Commands\Server\rewrite.php(49): require_once('C:\\wamp64\\www\\cursocodeigniter4\\public\\index.php')
CRITICAL - 2024-05-08 19:42:13 --> ErrorException: Attempt to read property "7" on string
[Method: GET, Route: noticias/7]
in APPPATH\Models\NoticiasModel.php on line 17.
 1 APPPATH\Models\NoticiasModel.php(17): CodeIgniter\Debug\Exceptions->errorHandler(2, 'Attempt to read property "7" on string', 'C:\\wamp64\\www\\cursocodeigniter4\\app\\Models\\NoticiasModel.php', 17)
 2 APPPATH\Controllers\Noticias.php(22): App\Models\NoticiasModel->getNoticias('7')
 3 SYSTEMPATH\CodeIgniter.php(933): App\Controllers\Noticias->item('7')
 4 SYSTEMPATH\CodeIgniter.php(509): CodeIgniter\CodeIgniter->runController(Object(App\Controllers\Noticias))
 5 SYSTEMPATH\CodeIgniter.php(355): CodeIgniter\CodeIgniter->handleRequest(null, Object(Config\Cache), false)
 6 SYSTEMPATH\Boot.php(312): CodeIgniter\CodeIgniter->run()
 7 SYSTEMPATH\Boot.php(67): CodeIgniter\Boot::runCodeIgniter(Object(CodeIgniter\CodeIgniter))
 8 FCPATH\index.php(56): CodeIgniter\Boot::bootWeb(Object(Config\Paths))
 9 SYSTEMPATH\Commands\Server\rewrite.php(49): require_once('C:\\wamp64\\www\\cursocodeigniter4\\public\\index.php')
CRITICAL - 2024-05-08 19:57:31 --> ErrorException: Undefined array key "$id"
[Method: GET, Route: noticias]
in APPPATH\Views\pages\noticias.php on line 10.
 1 APPPATH\Views\pages\noticias.php(10): CodeIgniter\Debug\Exceptions->errorHandler(2, 'Undefined array key "$id"', 'C:\\wamp64\\www\\cursocodeigniter4\\app\\Views\\pages\\noticias.php', 10)
 2 SYSTEMPATH\View\View.php(234): include('C:\\wamp64\\www\\cursocodeigniter4\\app\\Views\\pages\\noticias.php')
 3 SYSTEMPATH\View\View.php(237): CodeIgniter\View\View->CodeIgniter\View\{closure}()
 4 SYSTEMPATH\Common.php(1171): CodeIgniter\View\View->render('pages/noticias', [], true)
 5 APPPATH\Controllers\Noticias.php(16): view('pages/noticias', [...])
 6 SYSTEMPATH\CodeIgniter.php(933): App\Controllers\Noticias->index()
 7 SYSTEMPATH\CodeIgniter.php(509): CodeIgniter\CodeIgniter->runController(Object(App\Controllers\Noticias))
 8 SYSTEMPATH\CodeIgniter.php(355): CodeIgniter\CodeIgniter->handleRequest(null, Object(Config\Cache), false)
 9 SYSTEMPATH\Boot.php(312): CodeIgniter\CodeIgniter->run()
10 SYSTEMPATH\Boot.php(67): CodeIgniter\Boot::runCodeIgniter(Object(CodeIgniter\CodeIgniter))
11 FCPATH\index.php(56): CodeIgniter\Boot::bootWeb(Object(Config\Paths))
12 SYSTEMPATH\Commands\Server\rewrite.php(49): require_once('C:\\wamp64\\www\\cursocodeigniter4\\public\\index.php')
CRITICAL - 2024-05-08 20:06:14 --> ErrorException: Attempt to read property "7" on string
[Method: GET, Route: noticias/7]
in APPPATH\Models\NoticiasModel.php on line 17.
 1 APPPATH\Models\NoticiasModel.php(17): CodeIgniter\Debug\Exceptions->errorHandler(2, 'Attempt to read property "7" on string', 'C:\\wamp64\\www\\cursocodeigniter4\\app\\Models\\NoticiasModel.php', 17)
 2 APPPATH\Controllers\Noticias.php(22): App\Models\NoticiasModel->getNoticias('7')
 3 SYSTEMPATH\CodeIgniter.php(933): App\Controllers\Noticias->item('7')
 4 SYSTEMPATH\CodeIgniter.php(509): CodeIgniter\CodeIgniter->runController(Object(App\Controllers\Noticias))
 5 SYSTEMPATH\CodeIgniter.php(355): CodeIgniter\CodeIgniter->handleRequest(null, Object(Config\Cache), false)
 6 SYSTEMPATH\Boot.php(312): CodeIgniter\CodeIgniter->run()
 7 SYSTEMPATH\Boot.php(67): CodeIgniter\Boot::runCodeIgniter(Object(CodeIgniter\CodeIgniter))
 8 FCPATH\index.php(56): CodeIgniter\Boot::bootWeb(Object(Config\Paths))
 9 SYSTEMPATH\Commands\Server\rewrite.php(49): require_once('C:\\wamp64\\www\\cursocodeigniter4\\public\\index.php')
